Using pre-set license
Built from '2020.3/staging' branch; Version is '2020.3.30f1 (1fb1bf06830e) revision 2077119'; Using compiler version '192528614'; Build Type 'Release'
OS: 'Windows 10  (10.0.19044) 64bit Professional' Language: 'zh' Physical Memory: 32489 MB
BatchMode: 1, IsHumanControllingUs: 0, StartBugReporterOnCrash: 0, Is64bit: 1, IsPro: 0

COMMAND LINE ARGUMENTS:
C:\Program Files\Unity 2020.3.30f1\Editor\Unity.exe
-adb2
-batchMode
-noUpm
-name
AssetImportWorker0
-projectPath
D:/Signed Distance Field
-logFile
Logs/AssetImportWorker0.log
-srvPort
53801
Successfully changed project path to: D:/Signed Distance Field
D:/Signed Distance Field
Using Asset Import Pipeline V2.
Refreshing native plugins compatible for Editor in 26.43 ms, found 2 plugins.
Preloading 0 native plugins for Editor in 0.00 ms.
Initialize engine version: 2020.3.30f1 (1fb1bf06830e)
[Subsystems] Discovering subsystems at path C:/Program Files/Unity 2020.3.30f1/Editor/Data/Resources/UnitySubsystems
[Subsystems] Discovering subsystems at path D:/Signed Distance Field/Assets
GfxDevice: creating device client; threaded=0
Direct3D:
    Version:  Direct3D 11.0 [level 11.1]
    Renderer: NVIDIA GeForce GTX 1660 SUPER (ID=0x21c4)
    Vendor:   
    VRAM:     5992 MB
    Driver:   30.0.15.1277
Initialize mono
Mono path[0] = 'C:/Program Files/Unity 2020.3.30f1/Editor/Data/Managed'
Mono path[1] = 'C:/Program Files/Unity 2020.3.30f1/Editor/Data/MonoBleedingEdge/lib/mono/unityjit'
Mono config path = 'C:/Program Files/Unity 2020.3.30f1/Editor/Data/MonoBleedingEdge/etc'
Using monoOptions --debugger-agent=transport=dt_socket,embedding=1,server=y,suspend=n,address=127.0.0.1:56728
Begin MonoManager ReloadAssembly
Registering precompiled unity dll's ...
Register platform support module: C:/Program Files/Unity 2020.3.30f1/Editor/Data/PlaybackEngines/WindowsStandaloneSupport/UnityEditor.WindowsStandalone.Extensions.dll
Registered in 0.002745 seconds.
Native extension for WindowsStandalone target not found
Refreshing native plugins compatible for Editor in 30.90 ms, found 2 plugins.
Preloading 0 native plugins for Editor in 0.00 ms.
Mono: successfully reloaded assembly
- Completed reload, in  0.533 seconds
Domain Reload Profiling:
	ReloadAssembly (533ms)
		BeginReloadAssembly (77ms)
			ExecutionOrderSort (0ms)
			DisableScriptedObjects (0ms)
			BackupInstance (0ms)
			ReleaseScriptingObjects (0ms)
			CreateAndSetChildDomain (1ms)
		EndReloadAssembly (390ms)
			LoadAssemblies (76ms)
			RebuildTransferFunctionScriptingTraits (0ms)
			SetupTypeCache (135ms)
			ReleaseScriptCaches (0ms)
			RebuildScriptCaches (26ms)
			SetupLoadedEditorAssemblies (144ms)
				LogAssemblyErrors (0ms)
				InitializePlatformSupportModulesInManaged (3ms)
				SetLoadedEditorAssemblies (0ms)
				RefreshPlugins (31ms)
				BeforeProcessingInitializeOnLoad (12ms)
				ProcessInitializeOnLoadAttributes (74ms)
				ProcessInitializeOnLoadMethodAttributes (24ms)
				AfterProcessingInitializeOnLoad (0ms)
				EditorAssembliesLoaded (0ms)
			ExecutionOrderSort2 (0ms)
			AwakeInstancesAfterBackupRestoration (0ms)
Platform modules already initialized, skipping
Registering precompiled user dll's ...
Registered in 0.005337 seconds.
Begin MonoManager ReloadAssembly
Native extension for WindowsStandalone target not found
Refreshing native plugins compatible for Editor in 0.26 ms, found 2 plugins.
Preloading 0 native plugins for Editor in 0.00 ms.
Mono: successfully reloaded assembly
- Completed reload, in  0.921 seconds
Domain Reload Profiling:
	ReloadAssembly (922ms)
		BeginReloadAssembly (168ms)
			ExecutionOrderSort (0ms)
			DisableScriptedObjects (4ms)
			BackupInstance (0ms)
			ReleaseScriptingObjects (0ms)
			CreateAndSetChildDomain (23ms)
		EndReloadAssembly (683ms)
			LoadAssemblies (124ms)
			RebuildTransferFunctionScriptingTraits (0ms)
			SetupTypeCache (219ms)
			ReleaseScriptCaches (0ms)
			RebuildScriptCaches (37ms)
			SetupLoadedEditorAssemblies (270ms)
				LogAssemblyErrors (0ms)
				InitializePlatformSupportModulesInManaged (4ms)
				SetLoadedEditorAssemblies (0ms)
				RefreshPlugins (0ms)
				BeforeProcessingInitializeOnLoad (69ms)
				ProcessInitializeOnLoadAttributes (181ms)
				ProcessInitializeOnLoadMethodAttributes (9ms)
				AfterProcessingInitializeOnLoad (6ms)
				EditorAssembliesLoaded (0ms)
			ExecutionOrderSort2 (0ms)
			AwakeInstancesAfterBackupRestoration (5ms)
Platform modules already initialized, skipping
========================================================================
Worker process is ready to serve import requests
Launched and connected shader compiler UnityShaderCompiler.exe after 0.04 seconds
Refreshing native plugins compatible for Editor in 0.29 ms, found 2 plugins.
Preloading 0 native plugins for Editor in 0.00 ms.
Unloading 1505 Unused Serialized files (Serialized files now loaded: 0)
System memory in use before: 68.8 MB.
System memory in use after: 68.8 MB.

Unloading 16 unused Assets to reduce memory usage. Loaded Objects now: 1942.
Total: 2.152900 ms (FindLiveObjects: 0.103100 ms CreateObjectMapping: 0.031800 ms MarkObjects: 1.956500 ms  DeleteObjects: 0.060700 ms)

AssetImportParameters requested are different than current active one (requested -> active):
  custom:framework-win-MediaFoundation: 216162199b28c13a410421893ffa2e32 -> 
  custom:video-decoder-ogg-theora: a1e56fd34408186e4bbccfd4996cb3dc -> 
  custom:container-muxer-webm: aa71ff27fc2769a1b78a27578f13a17b -> 
  custom:container-demuxer-webm: 4f35f7cbe854078d1ac9338744f61a02 -> 
  custom:container-demuxer-ogg: 62fdf1f143b41e24485cea50d1cbac27 -> 
  custom:video-encoder-webm-vp8: eb34c28f22e8b96e1ab97ce403110664 -> 
  custom:video-decoder-webm-vp8: 9c59270c3fd7afecdb556c50c9e8de78 -> 
  custom:audio-decoder-ogg-vorbis: bf7c407c2cedff20999df2af8eb42d56 -> 
  custom:audio-encoder-webm-vorbis: bf7c407c2cedff20999df2af8eb42d56 -> 
========================================================================
Received Import Request.
  path: Assets/test.png
  artifactKey: Guid(a07ed3e64569254489c0a13e6fa57577) Importer(815301076,1909f56bfc062723c751e8b465ee728b)
Start importing Assets/test.png using Guid(a07ed3e64569254489c0a13e6fa57577) Importer(815301076,1909f56bfc062723c751e8b465ee728b)  -> (artifact id: 'e734c11bb5035f619e021fdbd1914bbe') in 0.078933 seconds 
========================================================================
Received Import Request.
  Time since last request: 240.835183 seconds.
  path: Assets/SDF.shader
  artifactKey: Guid(e9223cdd3c59d5942ad52b2ed6138af2) Importer(815301076,1909f56bfc062723c751e8b465ee728b)
Start importing Assets/SDF.shader using Guid(e9223cdd3c59d5942ad52b2ed6138af2) Importer(815301076,1909f56bfc062723c751e8b465ee728b)  -> (artifact id: '61da65b77d16cfe31ed9ec04fd15f2c3') in 0.007962 seconds 
========================================================================
Received Import Request.
  Time since last request: 29.820327 seconds.
  path: Assets/NewImageEffectShader.shader
  artifactKey: Guid(ec4dc465efbb63347aff2826844d2ca1) Importer(815301076,1909f56bfc062723c751e8b465ee728b)
Start importing Assets/NewImageEffectShader.shader using Guid(ec4dc465efbb63347aff2826844d2ca1) Importer(815301076,1909f56bfc062723c751e8b465ee728b)  -> (artifact id: '0230a0fe856cb1a65a03d3c5861574eb') in 0.003977 seconds 
========================================================================
Received Import Request.
  Time since last request: 451.219325 seconds.
  path: Assets/SDF.shader
  artifactKey: Guid(e9223cdd3c59d5942ad52b2ed6138af2) Importer(815301076,1909f56bfc062723c751e8b465ee728b)
Start importing Assets/SDF.shader using Guid(e9223cdd3c59d5942ad52b2ed6138af2) Importer(815301076,1909f56bfc062723c751e8b465ee728b)  -> (artifact id: '8f19ab4d25b3c483cac3479a46fc028a') in 0.003515 seconds 
========================================================================
Received Import Request.
  Time since last request: 156.571130 seconds.
  path: Assets/SDF.shader
  artifactKey: Guid(e9223cdd3c59d5942ad52b2ed6138af2) Importer(815301076,1909f56bfc062723c751e8b465ee728b)
Start importing Assets/SDF.shader using Guid(e9223cdd3c59d5942ad52b2ed6138af2) Importer(815301076,1909f56bfc062723c751e8b465ee728b)  -> (artifact id: '20ce96c5bdb2af6ebc50b20a315d78eb') in 0.004347 seconds 
========================================================================
Received Import Request.
  Time since last request: 8.790382 seconds.
  path: Assets/SDF.shader
  artifactKey: Guid(e9223cdd3c59d5942ad52b2ed6138af2) Importer(815301076,1909f56bfc062723c751e8b465ee728b)
Start importing Assets/SDF.shader using Guid(e9223cdd3c59d5942ad52b2ed6138af2) Importer(815301076,1909f56bfc062723c751e8b465ee728b)  -> (artifact id: 'b81564c9a2865bb750f6d8eb2c83c15a') in 0.003524 seconds 
========================================================================
Received Import Request.
  Time since last request: 8.075647 seconds.
  path: Assets/SDF.shader
  artifactKey: Guid(e9223cdd3c59d5942ad52b2ed6138af2) Importer(815301076,1909f56bfc062723c751e8b465ee728b)
Start importing Assets/SDF.shader using Guid(e9223cdd3c59d5942ad52b2ed6138af2) Importer(815301076,1909f56bfc062723c751e8b465ee728b)  -> (artifact id: '26e01a42f1a521080059a455c27bab24') in 0.003519 seconds 
========================================================================
Received Import Request.
  Time since last request: 22.120243 seconds.
  path: Assets/SDF.shader
  artifactKey: Guid(e9223cdd3c59d5942ad52b2ed6138af2) Importer(815301076,1909f56bfc062723c751e8b465ee728b)
Start importing Assets/SDF.shader using Guid(e9223cdd3c59d5942ad52b2ed6138af2) Importer(815301076,1909f56bfc062723c751e8b465ee728b)  -> (artifact id: '2e026c3711379650dce5391ae5305f6e') in 0.003491 seconds 
========================================================================
Received Import Request.
  Time since last request: 22.742980 seconds.
  path: Assets/SDF.shader
  artifactKey: Guid(e9223cdd3c59d5942ad52b2ed6138af2) Importer(815301076,1909f56bfc062723c751e8b465ee728b)
Start importing Assets/SDF.shader using Guid(e9223cdd3c59d5942ad52b2ed6138af2) Importer(815301076,1909f56bfc062723c751e8b465ee728b)  -> (artifact id: '8a0ef03310067c1bb39598d57a4cd44f') in 0.003359 seconds 
========================================================================
Received Import Request.
  Time since last request: 34.926451 seconds.
  path: Assets/SDF.shader
  artifactKey: Guid(e9223cdd3c59d5942ad52b2ed6138af2) Importer(815301076,1909f56bfc062723c751e8b465ee728b)
Start importing Assets/SDF.shader using Guid(e9223cdd3c59d5942ad52b2ed6138af2) Importer(815301076,1909f56bfc062723c751e8b465ee728b)  -> (artifact id: 'fae055aae561c0858a6d1ef69f8e6813') in 0.003171 seconds 
========================================================================
Received Import Request.
  Time since last request: 56.789636 seconds.
  path: Assets/SDF.shader
  artifactKey: Guid(e9223cdd3c59d5942ad52b2ed6138af2) Importer(815301076,1909f56bfc062723c751e8b465ee728b)
Start importing Assets/SDF.shader using Guid(e9223cdd3c59d5942ad52b2ed6138af2) Importer(815301076,1909f56bfc062723c751e8b465ee728b)  -> (artifact id: '440da04198671d9ccbcf8618990bd7d4') in 0.003333 seconds 
========================================================================
Received Import Request.
  Time since last request: 24.693753 seconds.
  path: Assets/SDF.shader
  artifactKey: Guid(e9223cdd3c59d5942ad52b2ed6138af2) Importer(815301076,1909f56bfc062723c751e8b465ee728b)
Start importing Assets/SDF.shader using Guid(e9223cdd3c59d5942ad52b2ed6138af2) Importer(815301076,1909f56bfc062723c751e8b465ee728b)  -> (artifact id: '790eee04ee4517a0cf4f3cd8401de40f') in 0.003312 seconds 
========================================================================
Received Import Request.
  Time since last request: 21.481259 seconds.
  path: Assets/SDF.shader
  artifactKey: Guid(e9223cdd3c59d5942ad52b2ed6138af2) Importer(815301076,1909f56bfc062723c751e8b465ee728b)
Start importing Assets/SDF.shader using Guid(e9223cdd3c59d5942ad52b2ed6138af2) Importer(815301076,1909f56bfc062723c751e8b465ee728b)  -> (artifact id: 'b10130fcf06a3e86348494d15f1c42ff') in 0.003089 seconds 
========================================================================
Received Import Request.
  Time since last request: 11.147069 seconds.
  path: Assets/SDF.shader
  artifactKey: Guid(e9223cdd3c59d5942ad52b2ed6138af2) Importer(815301076,1909f56bfc062723c751e8b465ee728b)
Start importing Assets/SDF.shader using Guid(e9223cdd3c59d5942ad52b2ed6138af2) Importer(815301076,1909f56bfc062723c751e8b465ee728b)  -> (artifact id: 'bebd7bbf884b1eff3e0efbb18040ea30') in 0.003824 seconds 
========================================================================
Received Import Request.
  Time since last request: 10.180501 seconds.
  path: Assets/SDF.shader
  artifactKey: Guid(e9223cdd3c59d5942ad52b2ed6138af2) Importer(815301076,1909f56bfc062723c751e8b465ee728b)
Start importing Assets/SDF.shader using Guid(e9223cdd3c59d5942ad52b2ed6138af2) Importer(815301076,1909f56bfc062723c751e8b465ee728b)  -> (artifact id: '69777bb5398d03f48e96c46cf8e8701b') in 0.003243 seconds 
========================================================================
Received Import Request.
  Time since last request: 5.745554 seconds.
  path: Assets/SDF.shader
  artifactKey: Guid(e9223cdd3c59d5942ad52b2ed6138af2) Importer(815301076,1909f56bfc062723c751e8b465ee728b)
Start importing Assets/SDF.shader using Guid(e9223cdd3c59d5942ad52b2ed6138af2) Importer(815301076,1909f56bfc062723c751e8b465ee728b)  -> (artifact id: 'bbf5057a7e07ddc5500d06d7c9365d3a') in 0.003168 seconds 
========================================================================
Received Import Request.
  Time since last request: 13.061542 seconds.
  path: Assets/SDF.shader
  artifactKey: Guid(e9223cdd3c59d5942ad52b2ed6138af2) Importer(815301076,1909f56bfc062723c751e8b465ee728b)
Start importing Assets/SDF.shader using Guid(e9223cdd3c59d5942ad52b2ed6138af2) Importer(815301076,1909f56bfc062723c751e8b465ee728b)  -> (artifact id: '23f73597bbda751ba35ed63d043b2f34') in 0.003691 seconds 
========================================================================
Received Import Request.
  Time since last request: 8.060962 seconds.
  path: Assets/SDF.shader
  artifactKey: Guid(e9223cdd3c59d5942ad52b2ed6138af2) Importer(815301076,1909f56bfc062723c751e8b465ee728b)
Start importing Assets/SDF.shader using Guid(e9223cdd3c59d5942ad52b2ed6138af2) Importer(815301076,1909f56bfc062723c751e8b465ee728b)  -> (artifact id: '330ef63b3872d580c1bbffcb76374486') in 0.003636 seconds 
========================================================================
Received Import Request.
  Time since last request: 6.287778 seconds.
  path: Assets/SDF.shader
  artifactKey: Guid(e9223cdd3c59d5942ad52b2ed6138af2) Importer(815301076,1909f56bfc062723c751e8b465ee728b)
Start importing Assets/SDF.shader using Guid(e9223cdd3c59d5942ad52b2ed6138af2) Importer(815301076,1909f56bfc062723c751e8b465ee728b)  -> (artifact id: 'a6bda7f6d17299007152b8220a9c9fa4') in 0.003304 seconds 
========================================================================
Received Import Request.
  Time since last request: 8.702668 seconds.
  path: Assets/SDF.shader
  artifactKey: Guid(e9223cdd3c59d5942ad52b2ed6138af2) Importer(815301076,1909f56bfc062723c751e8b465ee728b)
Start importing Assets/SDF.shader using Guid(e9223cdd3c59d5942ad52b2ed6138af2) Importer(815301076,1909f56bfc062723c751e8b465ee728b)  -> (artifact id: '231c0c58d13cd0f0b52194b1d564ff00') in 0.003674 seconds 
========================================================================
Received Import Request.
  Time since last request: 12.616274 seconds.
  path: Assets/NewUnlitShader.shader
  artifactKey: Guid(001e365a8d1e0bb43b363353f3fa5724) Importer(815301076,1909f56bfc062723c751e8b465ee728b)
Start importing Assets/NewUnlitShader.shader using Guid(001e365a8d1e0bb43b363353f3fa5724) Importer(815301076,1909f56bfc062723c751e8b465ee728b)  -> (artifact id: 'd351b7574cf0cc89f69f96f0c0e04d27') in 0.003269 seconds 
========================================================================
Received Import Request.
  Time since last request: 122.159477 seconds.
  path: Assets/NewUnlitShader.shader
  artifactKey: Guid(001e365a8d1e0bb43b363353f3fa5724) Importer(815301076,1909f56bfc062723c751e8b465ee728b)
Start importing Assets/NewUnlitShader.shader using Guid(001e365a8d1e0bb43b363353f3fa5724) Importer(815301076,1909f56bfc062723c751e8b465ee728b)  -> (artifact id: 'cfb3866b924ffbb4758f7c1f308ae5f3') in 0.003582 seconds 
========================================================================
Received Import Request.
  Time since last request: 136.549125 seconds.
  path: Assets/NewUnlitShader.shader
  artifactKey: Guid(001e365a8d1e0bb43b363353f3fa5724) Importer(815301076,1909f56bfc062723c751e8b465ee728b)
Start importing Assets/NewUnlitShader.shader using Guid(001e365a8d1e0bb43b363353f3fa5724) Importer(815301076,1909f56bfc062723c751e8b465ee728b)  -> (artifact id: '7720c43df3fdc22d5232e8c33d4016c0') in 0.003255 seconds 
========================================================================
Received Import Request.
  Time since last request: 9.117997 seconds.
  path: Assets/NewUnlitShader.shader
  artifactKey: Guid(001e365a8d1e0bb43b363353f3fa5724) Importer(815301076,1909f56bfc062723c751e8b465ee728b)
Start importing Assets/NewUnlitShader.shader using Guid(001e365a8d1e0bb43b363353f3fa5724) Importer(815301076,1909f56bfc062723c751e8b465ee728b)  -> (artifact id: 'e7f4731e075c41eeb435c052b1d40498') in 0.003465 seconds 
========================================================================
Received Import Request.
  Time since last request: 5.924634 seconds.
  path: Assets/NewUnlitShader.shader
  artifactKey: Guid(001e365a8d1e0bb43b363353f3fa5724) Importer(815301076,1909f56bfc062723c751e8b465ee728b)
Start importing Assets/NewUnlitShader.shader using Guid(001e365a8d1e0bb43b363353f3fa5724) Importer(815301076,1909f56bfc062723c751e8b465ee728b)  -> (artifact id: '5e3ca56200b8019d66834637fe1b6a1f') in 0.003507 seconds 
========================================================================
Received Import Request.
  Time since last request: 6.998989 seconds.
  path: Assets/NewUnlitShader.shader
  artifactKey: Guid(001e365a8d1e0bb43b363353f3fa5724) Importer(815301076,1909f56bfc062723c751e8b465ee728b)
Start importing Assets/NewUnlitShader.shader using Guid(001e365a8d1e0bb43b363353f3fa5724) Importer(815301076,1909f56bfc062723c751e8b465ee728b)  -> (artifact id: '84ba1f2ca9cfc07de90d0a3a318e0730') in 0.003402 seconds 
========================================================================
Received Import Request.
  Time since last request: 7.885083 seconds.
  path: Assets/NewUnlitShader.shader
  artifactKey: Guid(001e365a8d1e0bb43b363353f3fa5724) Importer(815301076,1909f56bfc062723c751e8b465ee728b)
Start importing Assets/NewUnlitShader.shader using Guid(001e365a8d1e0bb43b363353f3fa5724) Importer(815301076,1909f56bfc062723c751e8b465ee728b)  -> (artifact id: '40b605156ac27688f46c4f0fd211671a') in 0.003171 seconds 
========================================================================
Received Import Request.
  Time since last request: 6.234046 seconds.
  path: Assets/NewUnlitShader.shader
  artifactKey: Guid(001e365a8d1e0bb43b363353f3fa5724) Importer(815301076,1909f56bfc062723c751e8b465ee728b)
Start importing Assets/NewUnlitShader.shader using Guid(001e365a8d1e0bb43b363353f3fa5724) Importer(815301076,1909f56bfc062723c751e8b465ee728b)  -> (artifact id: 'ce3c7d3e082960ef37da48ff01a21a95') in 0.003575 seconds 
========================================================================
Received Import Request.
  Time since last request: 6.817325 seconds.
  path: Assets/NewUnlitShader.shader
  artifactKey: Guid(001e365a8d1e0bb43b363353f3fa5724) Importer(815301076,1909f56bfc062723c751e8b465ee728b)
Start importing Assets/NewUnlitShader.shader using Guid(001e365a8d1e0bb43b363353f3fa5724) Importer(815301076,1909f56bfc062723c751e8b465ee728b)  -> (artifact id: 'f90c52bc4399ab38943f61da54ff4af8') in 0.003917 seconds 
========================================================================
Received Import Request.
  Time since last request: 227.142673 seconds.
  path: Assets/NewUnlitShader.shader
  artifactKey: Guid(001e365a8d1e0bb43b363353f3fa5724) Importer(815301076,1909f56bfc062723c751e8b465ee728b)
Start importing Assets/NewUnlitShader.shader using Guid(001e365a8d1e0bb43b363353f3fa5724) Importer(815301076,1909f56bfc062723c751e8b465ee728b)  -> (artifact id: '647c04fabbf9f02411ec4c0cb744f17b') in 0.003730 seconds 
========================================================================
Received Import Request.
  Time since last request: 37.856097 seconds.
  path: Assets/NewUnlitShader.shader
  artifactKey: Guid(001e365a8d1e0bb43b363353f3fa5724) Importer(815301076,1909f56bfc062723c751e8b465ee728b)
Start importing Assets/NewUnlitShader.shader using Guid(001e365a8d1e0bb43b363353f3fa5724) Importer(815301076,1909f56bfc062723c751e8b465ee728b)  -> (artifact id: 'd0543b1499f0d479a9bab9ef682ceeba') in 0.003988 seconds 
========================================================================
Received Import Request.
  Time since last request: 13.263575 seconds.
  path: Assets/NewUnlitShader.shader
  artifactKey: Guid(001e365a8d1e0bb43b363353f3fa5724) Importer(815301076,1909f56bfc062723c751e8b465ee728b)
Start importing Assets/NewUnlitShader.shader using Guid(001e365a8d1e0bb43b363353f3fa5724) Importer(815301076,1909f56bfc062723c751e8b465ee728b)  -> (artifact id: '05997fca3011aac90ca3e014b789204f') in 0.003031 seconds 
========================================================================
Received Import Request.
  Time since last request: 17.815715 seconds.
  path: Assets/NewUnlitShader.shader
  artifactKey: Guid(001e365a8d1e0bb43b363353f3fa5724) Importer(815301076,1909f56bfc062723c751e8b465ee728b)
Start importing Assets/NewUnlitShader.shader using Guid(001e365a8d1e0bb43b363353f3fa5724) Importer(815301076,1909f56bfc062723c751e8b465ee728b)  -> (artifact id: 'f7d1c369175a1eaa4f931ac6687c1c08') in 0.003771 seconds 
========================================================================
Received Import Request.
  Time since last request: 34.330331 seconds.
  path: Assets/NewUnlitShader.shader
  artifactKey: Guid(001e365a8d1e0bb43b363353f3fa5724) Importer(815301076,1909f56bfc062723c751e8b465ee728b)
Start importing Assets/NewUnlitShader.shader using Guid(001e365a8d1e0bb43b363353f3fa5724) Importer(815301076,1909f56bfc062723c751e8b465ee728b)  -> (artifact id: '2a7db7e579e21cb1bd848a481d5e70d3') in 0.004663 seconds 
========================================================================
Received Import Request.
  Time since last request: 38.080574 seconds.
  path: Assets/v2-091d14d89cd3369e7a79f6ad2cb3546b_720w.png
  artifactKey: Guid(c898dbc50ddc98144a68e65029ef95fa) Importer(815301076,1909f56bfc062723c751e8b465ee728b)
Start importing Assets/v2-091d14d89cd3369e7a79f6ad2cb3546b_720w.png using Guid(c898dbc50ddc98144a68e65029ef95fa) Importer(815301076,1909f56bfc062723c751e8b465ee728b)  -> (artifact id: '176c17e1fd85a46e1e577df114ef8a5e') in 0.024079 seconds 
========================================================================
Received Import Request.
  Time since last request: 20.257482 seconds.
  path: Assets/New Material.mat
  artifactKey: Guid(776c54e39ade55c44a7cfc1eccc4addd) Importer(815301076,1909f56bfc062723c751e8b465ee728b)
Start importing Assets/New Material.mat using Guid(776c54e39ade55c44a7cfc1eccc4addd) Importer(815301076,1909f56bfc062723c751e8b465ee728b)  -> (artifact id: 'a263066cb20bda687a2f2ed5e0d68dab') in 0.118728 seconds 
